<?xml version="1.0" encoding="UTF-8"?>
<!-- Generated by org.testng.reporters.JUnitXMLReporter -->
<testsuite ignored="0" hostname="DESKTOP-0IJD7UK" failures="0" tests="4" name="ChromeTest" time="41.128" errors="0" timestamp="2024-04-11T23:27:58 PDT">
  <testcase classname="pkgTest.UITest" name="close_pop_up" time="3.237">
    <skipped/>
  </testcase> <!-- close_pop_up -->
  <testcase classname="pkgTest.UITest" name="close_pop_up" time="0.715"/>
  <testcase classname="pkgTest.UITest" name="validate_logo" time="0.105"/>
  <testcase classname="pkgTest.UITest" name="validate_reserve_online_message" time="0.079"/>
</testsuite> <!-- ChromeTest -->
