<?xml version="1.0" encoding="UTF-8"?>
<!-- Generated by org.testng.reporters.JUnitXMLReporter -->
<testsuite ignored="0" hostname="DESKTOP-0IJD7UK" failures="0" tests="3" name="ChromeTest" time="129.015" errors="0" timestamp="2024-10-24T21:59:33 PDT">
  <testcase classname="pkgTest.UITest" name="close_pop_up" time="15.24"/>
  <testcase classname="pkgTest.UITest" name="validate_logo" time="0.12"/>
  <testcase classname="pkgTest.UITest" name="validate_reserve_online_message" time="0.055"/>
</testsuite> <!-- ChromeTest -->
