<?xml version="1.0" encoding="UTF-8"?>
<testng-results ignored="0" total="1" passed="1" failed="0" skipped="0">
  <reporter-output>
  </reporter-output>
  <suite started-at="2024-04-08T22:42:05 PDT" name="Surefire suite" finished-at="2024-04-08T22:42:41 PDT" duration-ms="35640">
    <groups>
    </groups>
    <test started-at="2024-04-08T22:42:05 PDT" name="Surefire test" finished-at="2024-04-08T22:42:41 PDT" duration-ms="35640">
      <class name="pkgTest.SetupTest">
        <test-method signature="first()[pri:0, instance:pkgTest.SetupTest@45b9a632]" started-at="2024-04-08T22:42:05 PDT" name="first" finished-at="2024-04-08T22:42:41 PDT" duration-ms="35535" status="PASS">
          <reporter-output>
          </reporter-output>
        </test-method> <!-- first -->
      </class> <!-- pkgTest.SetupTest -->
    </test> <!-- Surefire test -->
  </suite> <!-- Surefire suite -->
</testng-results>
