<?xml version="1.0" encoding="UTF-8"?>
<testng-results ignored="0" total="3" passed="3" failed="0" skipped="0">
  <reporter-output>
  </reporter-output>
  <suite started-at="2024-10-24T21:57:22 PDT" name="Suite" finished-at="2024-10-24T21:59:31 PDT" duration-ms="129015">
    <groups>
    </groups>
    <test started-at="2024-10-24T21:57:22 PDT" name="ChromeTest" finished-at="2024-10-24T21:59:31 PDT" duration-ms="129015">
      <class name="pkgTest.UITest">
        <test-method is-config="true" signature="report_configuration()[pri:0, instance:pkgTest.UITest@5e17553a]" started-at="2024-10-24T21:57:22 PDT" name="report_configuration" finished-at="2024-10-24T21:57:22 PDT" duration-ms="22" status="PASS">
          <reporter-output>
          </reporter-output>
        </test-method> <!-- report_configuration -->
        <test-method is-config="true" signature="initialize_Driver(java.lang.String,org.testng.ITestContext)[pri:0, instance:pkgTest.UITest@5e17553a]" started-at="2024-10-24T21:57:22 PDT" name="initialize_Driver" finished-at="2024-10-24T21:59:15 PDT" depends-on-methods="pkgTest.setupUtils.report_configuration" duration-ms="113214" status="PASS">
          <params>
            <param index="0">
              <value>
                <![CDATA[Chrome]]>
              </value>
            </param>
            <param index="1">
              <value>
                <![CDATA[org.testng.TestRunner@2784145d]]>
              </value>
            </param>
          </params>
          <reporter-output>
          </reporter-output>
        </test-method> <!-- initialize_Driver -->
        <test-method signature="close_pop_up()[pri:1, instance:pkgTest.UITest@5e17553a]" started-at="2024-10-24T21:59:15 PDT" name="close_pop_up" finished-at="2024-10-24T21:59:31 PDT" duration-ms="15240" status="PASS">
          <reporter-output>
          </reporter-output>
        </test-method> <!-- close_pop_up -->
        <test-method signature="validate_logo()[pri:2, instance:pkgTest.UITest@5e17553a]" started-at="2024-10-24T21:59:31 PDT" name="validate_logo" finished-at="2024-10-24T21:59:31 PDT" duration-ms="120" status="PASS">
          <reporter-output>
          </reporter-output>
        </test-method> <!-- validate_logo -->
        <test-method signature="validate_reserve_online_message()[pri:3, instance:pkgTest.UITest@5e17553a]" started-at="2024-10-24T21:59:31 PDT" name="validate_reserve_online_message" finished-at="2024-10-24T21:59:31 PDT" duration-ms="55" status="PASS">
          <reporter-output>
          </reporter-output>
        </test-method> <!-- validate_reserve_online_message -->
      </class> <!-- pkgTest.UITest -->
    </test> <!-- ChromeTest -->
  </suite> <!-- Suite -->
</testng-results>
