<?xml version="1.0" encoding="UTF-8"?>
<testng-results ignored="0" total="11" passed="10" failed="1" skipped="0">
  <reporter-output>
  </reporter-output>
  <suite started-at="2024-05-20T17:51:51 PDT" name="Default suite" finished-at="2024-05-20T17:56:20 PDT" duration-ms="269608">
    <groups>
      <group name="cucumber">
        <method signature="AbstractTestNGCucumberTests.runScenario(io.cucumber.testng.PickleWrapper,io.cucumber.testng.FeatureWrapper)[pri:0, instance:pkgCucumber.TestNGTestRunner@8297b3a]" name="runScenario" class="io.cucumber.testng.AbstractTestNGCucumberTests"/>
      </group> <!-- cucumber -->
    </groups>
    <test started-at="2024-05-20T17:51:51 PDT" name="Default test" finished-at="2024-05-20T17:56:20 PDT" duration-ms="269608">
      <class name="pkgCucumber.TestNGTestRunner">
        <test-method is-config="true" signature="setUpClass(org.testng.ITestContext)[pri:0, instance:pkgCucumber.TestNGTestRunner@8297b3a]" started-at="2024-05-20T17:51:51 PDT" name="setUpClass" finished-at="2024-05-20T17:51:52 PDT" duration-ms="1022" status="PASS">
          <params>
            <param index="0">
              <value>
                <![CDATA[org.testng.TestRunner@44ae6b66]]>
              </value>
            </param>
          </params>
          <reporter-output>
          </reporter-output>
        </test-method> <!-- setUpClass -->
        <test-method signature="runScenario(io.cucumber.testng.PickleWrapper,io.cucumber.testng.FeatureWrapper)[pri:0, instance:pkgCucumber.TestNGTestRunner@8297b3a]" started-at="2024-05-20T17:51:52 PDT" name="runScenario" description="Runs Cucumber Scenarios" data-provider="scenarios" finished-at="2024-05-20T17:52:32 PDT" duration-ms="40603" status="PASS">
          <params>
            <param index="0">
              <value>
                <![CDATA["Validate application home page UI components-pop up closed"]]>
              </value>
            </param>
            <param index="1">
              <value>
                <![CDATA["Validate different UI components in the UI of the home page"]]>
              </value>
            </param>
          </params>
          <reporter-output>
          </reporter-output>
        </test-method> <!-- runScenario -->
        <test-method signature="runScenario(io.cucumber.testng.PickleWrapper,io.cucumber.testng.FeatureWrapper)[pri:0, instance:pkgCucumber.TestNGTestRunner@8297b3a]" started-at="2024-05-20T17:52:32 PDT" name="runScenario" description="Runs Cucumber Scenarios" data-provider="scenarios" finished-at="2024-05-20T17:52:48 PDT" duration-ms="15675" status="PASS">
          <params>
            <param index="0">
              <value>
                <![CDATA["Validate application home page UI components-logo displayed"]]>
              </value>
            </param>
            <param index="1">
              <value>
                <![CDATA["Validate different UI components in the UI of the home page"]]>
              </value>
            </param>
          </params>
          <reporter-output>
          </reporter-output>
        </test-method> <!-- runScenario -->
        <test-method signature="runScenario(io.cucumber.testng.PickleWrapper,io.cucumber.testng.FeatureWrapper)[pri:0, instance:pkgCucumber.TestNGTestRunner@8297b3a]" started-at="2024-05-20T17:52:48 PDT" name="runScenario" description="Runs Cucumber Scenarios" data-provider="scenarios" finished-at="2024-05-20T17:53:01 PDT" duration-ms="12966" status="PASS">
          <params>
            <param index="0">
              <value>
                <![CDATA["Validate application home page UI components-reserve online message"]]>
              </value>
            </param>
            <param index="1">
              <value>
                <![CDATA["Validate different UI components in the UI of the home page"]]>
              </value>
            </param>
          </params>
          <reporter-output>
          </reporter-output>
        </test-method> <!-- runScenario -->
        <test-method signature="runScenario(io.cucumber.testng.PickleWrapper,io.cucumber.testng.FeatureWrapper)[pri:0, instance:pkgCucumber.TestNGTestRunner@8297b3a]" started-at="2024-05-20T17:53:01 PDT" name="runScenario" description="Runs Cucumber Scenarios" data-provider="scenarios" finished-at="2024-05-20T17:53:36 PDT" duration-ms="34784" status="PASS">
          <params>
            <param index="0">
              <value>
                <![CDATA["Validate application home page UI components-Make my store"]]>
              </value>
            </param>
            <param index="1">
              <value>
                <![CDATA["Validate different UI components in the UI of the home page"]]>
              </value>
            </param>
          </params>
          <reporter-output>
          </reporter-output>
        </test-method> <!-- runScenario -->
        <test-method signature="runScenario(io.cucumber.testng.PickleWrapper,io.cucumber.testng.FeatureWrapper)[pri:0, instance:pkgCucumber.TestNGTestRunner@8297b3a]" started-at="2024-05-20T17:53:36 PDT" name="runScenario" description="Runs Cucumber Scenarios" data-provider="scenarios" finished-at="2024-05-20T17:53:52 PDT" duration-ms="16031" status="PASS">
          <params>
            <param index="0">
              <value>
                <![CDATA["Validate application home page UI components-top brands"]]>
              </value>
            </param>
            <param index="1">
              <value>
                <![CDATA["Validate different UI components in the UI of the home page"]]>
              </value>
            </param>
          </params>
          <reporter-output>
          </reporter-output>
        </test-method> <!-- runScenario -->
        <test-method signature="runScenario(io.cucumber.testng.PickleWrapper,io.cucumber.testng.FeatureWrapper)[pri:0, instance:pkgCucumber.TestNGTestRunner@8297b3a]" started-at="2024-05-20T17:53:52 PDT" name="runScenario" description="Runs Cucumber Scenarios" data-provider="scenarios" finished-at="2024-05-20T17:54:05 PDT" duration-ms="12896" status="PASS">
          <params>
            <param index="0">
              <value>
                <![CDATA["Validate application home page UI components-hiring banner"]]>
              </value>
            </param>
            <param index="1">
              <value>
                <![CDATA["Validate different UI components in the UI of the home page"]]>
              </value>
            </param>
          </params>
          <reporter-output>
          </reporter-output>
        </test-method> <!-- runScenario -->
        <test-method signature="runScenario(io.cucumber.testng.PickleWrapper,io.cucumber.testng.FeatureWrapper)[pri:0, instance:pkgCucumber.TestNGTestRunner@8297b3a]" started-at="2024-05-20T17:54:05 PDT" name="runScenario" description="Runs Cucumber Scenarios" data-provider="scenarios" finished-at="2024-05-20T17:54:17 PDT" duration-ms="12446" status="PASS">
          <params>
            <param index="0">
              <value>
                <![CDATA["Validate application home page UI components-find store banner"]]>
              </value>
            </param>
            <param index="1">
              <value>
                <![CDATA["Validate different UI components in the UI of the home page"]]>
              </value>
            </param>
          </params>
          <reporter-output>
          </reporter-output>
        </test-method> <!-- runScenario -->
        <test-method signature="runScenario(io.cucumber.testng.PickleWrapper,io.cucumber.testng.FeatureWrapper)[pri:0, instance:pkgCucumber.TestNGTestRunner@8297b3a]" started-at="2024-05-20T17:54:17 PDT" name="runScenario" description="Runs Cucumber Scenarios" data-provider="scenarios" finished-at="2024-05-20T17:54:30 PDT" duration-ms="13172" status="FAIL">
          <params>
            <param index="0">
              <value>
                <![CDATA["Validate enable and disable state of browse parts button and click browse parts button after"]]>
              </value>
            </param>
            <param index="1">
              <value>
                <![CDATA["Validate different UI components in the UI of the home page"]]>
              </value>
            </param>
          </params>
          <exception class="org.openqa.selenium.NoSuchElementException">
            <message>
              <![CDATA[Cannot locate option with text: Camry
For documentation on this error, please visit: https://selenium.dev/exceptions/#no_such_element
Build info: version: '4.1.4', revision: '535d840ee2'
System info: host: 'DESKTOP-0IJD7UK', ip: '10.0.0.24', os.name: 'Windows 10', os.arch: 'amd64', os.version: '10.0', java.version: '21.0.1'
Driver info: driver.version: unknown]]>
            </message>
            <full-stacktrace>
              <![CDATA[org.openqa.selenium.NoSuchElementException: Cannot locate option with text: Camry
For documentation on this error, please visit: https://selenium.dev/exceptions/#no_such_element
Build info: version: '4.1.4', revision: '535d840ee2'
System info: host: 'DESKTOP-0IJD7UK', ip: '10.0.0.24', os.name: 'Windows 10', os.arch: 'amd64', os.version: '10.0', java.version: '21.0.1'
Driver info: driver.version: unknown
at org.openqa.selenium.support.ui.Select.selectByVisibleText(Select.java:151)
at pkgTest.Page_Objects_Home_Page.select_vehicle_model(Page_Objects_Home_Page.java:352)
at pkgStepDefinitions.Step_Defs.select_model(Step_Defs.java:97)
at ✽.I select vehicle model Camry(file:///C:/Users/Abhi/Desktop/Selenium/Eclipse/Automation_FW/src/test/java/pkgCucumber/test_cases.feature:98)
]]>
            </full-stacktrace>
          </exception> <!-- org.openqa.selenium.NoSuchElementException -->
          <reporter-output>
          </reporter-output>
        </test-method> <!-- runScenario -->
        <test-method signature="runScenario(io.cucumber.testng.PickleWrapper,io.cucumber.testng.FeatureWrapper)[pri:0, instance:pkgCucumber.TestNGTestRunner@8297b3a]" started-at="2024-05-20T17:54:30 PDT" name="runScenario" description="Runs Cucumber Scenarios" data-provider="scenarios" finished-at="2024-05-20T17:54:56 PDT" duration-ms="25629" status="PASS">
          <params>
            <param index="0">
              <value>
                <![CDATA["Validate application home page UI components-product details page"]]>
              </value>
            </param>
            <param index="1">
              <value>
                <![CDATA["Validate different UI components in the UI of the home page"]]>
              </value>
            </param>
          </params>
          <reporter-output>
          </reporter-output>
        </test-method> <!-- runScenario -->
        <test-method signature="runScenario(io.cucumber.testng.PickleWrapper,io.cucumber.testng.FeatureWrapper)[pri:0, instance:pkgCucumber.TestNGTestRunner@8297b3a]" started-at="2024-05-20T17:54:56 PDT" name="runScenario" description="Runs Cucumber Scenarios" data-provider="scenarios" finished-at="2024-05-20T17:55:24 PDT" duration-ms="28174" status="PASS">
          <params>
            <param index="0">
              <value>
                <![CDATA["Validate application home page UI components-product details page"]]>
              </value>
            </param>
            <param index="1">
              <value>
                <![CDATA["Validate different UI components in the UI of the home page"]]>
              </value>
            </param>
          </params>
          <reporter-output>
          </reporter-output>
        </test-method> <!-- runScenario -->
        <test-method signature="runScenario(io.cucumber.testng.PickleWrapper,io.cucumber.testng.FeatureWrapper)[pri:0, instance:pkgCucumber.TestNGTestRunner@8297b3a]" started-at="2024-05-20T17:55:24 PDT" name="runScenario" description="Runs Cucumber Scenarios" data-provider="scenarios" finished-at="2024-05-20T17:56:20 PDT" duration-ms="56005" status="PASS">
          <params>
            <param index="0">
              <value>
                <![CDATA["Add item to Cart from product page"]]>
              </value>
            </param>
            <param index="1">
              <value>
                <![CDATA["Validate different UI components in the UI of the home page"]]>
              </value>
            </param>
          </params>
          <reporter-output>
          </reporter-output>
        </test-method> <!-- runScenario -->
        <test-method is-config="true" signature="tearDownClass()[pri:0, instance:pkgCucumber.TestNGTestRunner@8297b3a]" started-at="2024-05-20T17:56:20 PDT" name="tearDownClass" finished-at="2024-05-20T17:56:20 PDT" duration-ms="114" status="PASS">
          <reporter-output>
          </reporter-output>
        </test-method> <!-- tearDownClass -->
      </class> <!-- pkgCucumber.TestNGTestRunner -->
    </test> <!-- Default test -->
  </suite> <!-- Default suite -->
</testng-results>
