<?xml version="1.0" encoding="UTF-8"?>
<testng-results ignored="0" total="1" passed="1" failed="0" skipped="0">
  <reporter-output>
  </reporter-output>
  <suite started-at="2024-05-13T13:45:15 PDT" name="Default suite" finished-at="2024-05-13T13:46:25 PDT" duration-ms="70222">
    <groups>
      <group name="cucumber">
        <method signature="AbstractTestNGCucumberTests.runScenario(io.cucumber.testng.PickleWrapper,io.cucumber.testng.FeatureWrapper)[pri:0, instance:pkgCucumber.TestNGTestRunner@8297b3a]" name="runScenario" class="io.cucumber.testng.AbstractTestNGCucumberTests"/>
      </group> <!-- cucumber -->
    </groups>
    <test started-at="2024-05-13T13:45:15 PDT" name="Default test" finished-at="2024-05-13T13:46:25 PDT" duration-ms="70222">
      <class name="pkgCucumber.TestNGTestRunner">
        <test-method is-config="true" signature="setUpClass(org.testng.ITestContext)[pri:0, instance:pkgCucumber.TestNGTestRunner@8297b3a]" started-at="2024-05-13T13:45:15 PDT" name="setUpClass" finished-at="2024-05-13T13:45:16 PDT" duration-ms="1236" status="PASS">
          <params>
            <param index="0">
              <value>
                <![CDATA[org.testng.TestRunner@2f995afc]]>
              </value>
            </param>
          </params>
          <reporter-output>
          </reporter-output>
        </test-method> <!-- setUpClass -->
        <test-method signature="runScenario(io.cucumber.testng.PickleWrapper,io.cucumber.testng.FeatureWrapper)[pri:0, instance:pkgCucumber.TestNGTestRunner@8297b3a]" started-at="2024-05-13T13:45:16 PDT" name="runScenario" description="Runs Cucumber Scenarios" data-provider="scenarios" finished-at="2024-05-13T13:46:23 PDT" duration-ms="66864" status="PASS">
          <params>
            <param index="0">
              <value>
                <![CDATA["Add item to Cart from product page"]]>
              </value>
            </param>
            <param index="1">
              <value>
                <![CDATA["Validate different UI components in the UI of the home page"]]>
              </value>
            </param>
          </params>
          <reporter-output>
          </reporter-output>
        </test-method> <!-- runScenario -->
        <test-method is-config="true" signature="tearDownClass()[pri:0, instance:pkgCucumber.TestNGTestRunner@8297b3a]" started-at="2024-05-13T13:46:24 PDT" name="tearDownClass" finished-at="2024-05-13T13:46:25 PDT" duration-ms="582" status="PASS">
          <reporter-output>
          </reporter-output>
        </test-method> <!-- tearDownClass -->
      </class> <!-- pkgCucumber.TestNGTestRunner -->
    </test> <!-- Default test -->
  </suite> <!-- Default suite -->
</testng-results>
