<?xml version="1.0" encoding="UTF-8"?>
<testng-results ignored="0" total="1" passed="1" failed="0" skipped="0">
  <reporter-output>
  </reporter-output>
  <suite started-at="2024-04-10T12:39:38 PDT" name="Suite" finished-at="2024-04-10T12:39:54 PDT" duration-ms="15843">
    <groups>
    </groups>
    <test started-at="2024-04-10T12:39:38 PDT" name="ChromeTest" finished-at="2024-04-10T12:39:54 PDT" duration-ms="15843">
      <class name="pkgTest.UITest">
        <test-method is-config="true" signature="report_configuration()[pri:0, instance:pkgTest.UITest@4bff7da0]" started-at="2024-04-10T12:39:38 PDT" name="report_configuration" finished-at="2024-04-10T12:39:38 PDT" duration-ms="20" status="PASS">
          <reporter-output>
          </reporter-output>
        </test-method> <!-- report_configuration -->
        <test-method is-config="true" signature="initialize_Driver(java.lang.String,org.testng.ITestContext)[pri:0, instance:pkgTest.UITest@4bff7da0]" started-at="2024-04-10T12:39:38 PDT" name="initialize_Driver" finished-at="2024-04-10T12:39:53 PDT" depends-on-methods="pkgTest.setupUtils.report_configuration" duration-ms="15379" status="PASS">
          <params>
            <param index="0">
              <value>
                <![CDATA[Chrome]]>
              </value>
            </param>
            <param index="1">
              <value>
                <![CDATA[org.testng.TestRunner@748a654a]]>
              </value>
            </param>
          </params>
          <reporter-output>
          </reporter-output>
        </test-method> <!-- initialize_Driver -->
        <test-method signature="close_pop_up()[pri:1, instance:pkgTest.UITest@4bff7da0]" started-at="2024-04-10T12:39:54 PDT" name="close_pop_up" finished-at="2024-04-10T12:39:54 PDT" duration-ms="380" status="PASS">
          <reporter-output>
          </reporter-output>
        </test-method> <!-- close_pop_up -->
      </class> <!-- pkgTest.UITest -->
    </test> <!-- ChromeTest -->
  </suite> <!-- Suite -->
</testng-results>
