<?xml version="1.0" encoding="UTF-8"?>
<testng-results ignored="0" total="2" passed="2" failed="0" skipped="0">
  <reporter-output>
  </reporter-output>
  <suite started-at="2024-04-10T13:03:29 PDT" name="Suite" finished-at="2024-04-10T13:03:43 PDT" duration-ms="14531">
    <groups>
    </groups>
    <test started-at="2024-04-10T13:03:29 PDT" name="ChromeTest" finished-at="2024-04-10T13:03:43 PDT" duration-ms="14531">
      <class name="pkgTest.UITest">
        <test-method is-config="true" signature="report_configuration()[pri:0, instance:pkgTest.UITest@7283d3eb]" started-at="2024-04-10T13:03:29 PDT" name="report_configuration" finished-at="2024-04-10T13:03:29 PDT" duration-ms="15" status="PASS">
          <reporter-output>
          </reporter-output>
        </test-method> <!-- report_configuration -->
        <test-method is-config="true" signature="initialize_Driver(java.lang.String,org.testng.ITestContext)[pri:0, instance:pkgTest.UITest@7283d3eb]" started-at="2024-04-10T13:03:29 PDT" name="initialize_Driver" finished-at="2024-04-10T13:03:42 PDT" depends-on-methods="pkgTest.setupUtils.report_configuration" duration-ms="13612" status="PASS">
          <params>
            <param index="0">
              <value>
                <![CDATA[Chrome]]>
              </value>
            </param>
            <param index="1">
              <value>
                <![CDATA[org.testng.TestRunner@7134b8a7]]>
              </value>
            </param>
          </params>
          <reporter-output>
          </reporter-output>
        </test-method> <!-- initialize_Driver -->
        <test-method signature="close_pop_up()[pri:1, instance:pkgTest.UITest@7283d3eb]" started-at="2024-04-10T13:03:42 PDT" name="close_pop_up" finished-at="2024-04-10T13:03:43 PDT" duration-ms="592" status="PASS">
          <reporter-output>
          </reporter-output>
        </test-method> <!-- close_pop_up -->
        <test-method signature="validate_logo()[pri:2, instance:pkgTest.UITest@7283d3eb]" started-at="2024-04-10T13:03:43 PDT" name="validate_logo" finished-at="2024-04-10T13:03:43 PDT" duration-ms="218" status="PASS">
          <reporter-output>
          </reporter-output>
        </test-method> <!-- validate_logo -->
      </class> <!-- pkgTest.UITest -->
    </test> <!-- ChromeTest -->
  </suite> <!-- Suite -->
</testng-results>
