<?xml version="1.0" encoding="UTF-8"?>
<testng-results ignored="0" total="3" passed="3" failed="0" skipped="0">
  <reporter-output>
  </reporter-output>
  <suite started-at="2024-04-12T09:18:42 PDT" name="Default suite" finished-at="2024-04-12T09:19:33 PDT" duration-ms="50501">
    <groups>
      <group name="cucumber">
        <method signature="AbstractTestNGCucumberTests.runScenario(io.cucumber.testng.PickleWrapper,io.cucumber.testng.FeatureWrapper)[pri:0, instance:pkgCucumber.TestNGTestRunner@8297b3a]" name="runScenario" class="io.cucumber.testng.AbstractTestNGCucumberTests"/>
      </group> <!-- cucumber -->
    </groups>
    <test started-at="2024-04-12T09:18:42 PDT" name="Default test" finished-at="2024-04-12T09:19:33 PDT" duration-ms="50501">
      <class name="pkgCucumber.TestNGTestRunner">
        <test-method is-config="true" signature="setUpClass(org.testng.ITestContext)[pri:0, instance:pkgCucumber.TestNGTestRunner@8297b3a]" started-at="2024-04-12T09:18:42 PDT" name="setUpClass" finished-at="2024-04-12T09:18:43 PDT" duration-ms="987" status="PASS">
          <params>
            <param index="0">
              <value>
                <![CDATA[org.testng.TestRunner@1b3ab4f9]]>
              </value>
            </param>
          </params>
          <reporter-output>
          </reporter-output>
        </test-method> <!-- setUpClass -->
        <test-method signature="runScenario(io.cucumber.testng.PickleWrapper,io.cucumber.testng.FeatureWrapper)[pri:0, instance:pkgCucumber.TestNGTestRunner@8297b3a]" started-at="2024-04-12T09:18:43 PDT" name="runScenario" description="Runs Cucumber Scenarios" data-provider="scenarios" finished-at="2024-04-12T09:19:01 PDT" duration-ms="17460" status="PASS">
          <params>
            <param index="0">
              <value>
                <![CDATA["Validate application home page UI components-pop up closed"]]>
              </value>
            </param>
            <param index="1">
              <value>
                <![CDATA["Validate different UI components in the UI of the home page"]]>
              </value>
            </param>
          </params>
          <reporter-output>
          </reporter-output>
        </test-method> <!-- runScenario -->
        <test-method signature="runScenario(io.cucumber.testng.PickleWrapper,io.cucumber.testng.FeatureWrapper)[pri:0, instance:pkgCucumber.TestNGTestRunner@8297b3a]" started-at="2024-04-12T09:19:01 PDT" name="runScenario" description="Runs Cucumber Scenarios" data-provider="scenarios" finished-at="2024-04-12T09:19:14 PDT" duration-ms="13702" status="PASS">
          <params>
            <param index="0">
              <value>
                <![CDATA["Validate application home page UI components-logo displayed"]]>
              </value>
            </param>
            <param index="1">
              <value>
                <![CDATA["Validate different UI components in the UI of the home page"]]>
              </value>
            </param>
          </params>
          <reporter-output>
          </reporter-output>
        </test-method> <!-- runScenario -->
        <test-method signature="runScenario(io.cucumber.testng.PickleWrapper,io.cucumber.testng.FeatureWrapper)[pri:0, instance:pkgCucumber.TestNGTestRunner@8297b3a]" started-at="2024-04-12T09:19:14 PDT" name="runScenario" description="Runs Cucumber Scenarios" data-provider="scenarios" finished-at="2024-04-12T09:19:32 PDT" duration-ms="18166" status="PASS">
          <params>
            <param index="0">
              <value>
                <![CDATA["Validate application home page UI components-reserve online message"]]>
              </value>
            </param>
            <param index="1">
              <value>
                <![CDATA["Validate different UI components in the UI of the home page"]]>
              </value>
            </param>
          </params>
          <reporter-output>
          </reporter-output>
        </test-method> <!-- runScenario -->
        <test-method is-config="true" signature="tearDownClass()[pri:0, instance:pkgCucumber.TestNGTestRunner@8297b3a]" started-at="2024-04-12T09:19:32 PDT" name="tearDownClass" finished-at="2024-04-12T09:19:33 PDT" duration-ms="111" status="PASS">
          <reporter-output>
          </reporter-output>
        </test-method> <!-- tearDownClass -->
      </class> <!-- pkgCucumber.TestNGTestRunner -->
    </test> <!-- Default test -->
  </suite> <!-- Default suite -->
</testng-results>
