<?xml version="1.0" encoding="UTF-8"?>
<!-- Generated by org.testng.reporters.JUnitReportReporter -->
<testsuite hostname="DESKTOP-0IJD7UK" failures="0" tests="12" name="pkgCucumber.TestNGTestRunner" time="317.218" errors="1" timestamp="2024-06-17T23:47:17 PDT" skipped="0">
  <testcase classname="pkgCucumber.TestNGTestRunner" name="runScenario" time="15.726"/>
  <testcase classname="pkgCucumber.TestNGTestRunner" name="runScenario" time="30.483"/>
  <testcase classname="pkgCucumber.TestNGTestRunner" name="runScenario" time="13.690"/>
  <testcase classname="pkgCucumber.TestNGTestRunner" name="runScenario" time="16.026"/>
  <testcase classname="pkgCucumber.TestNGTestRunner" name="runScenario" time="14.199"/>
  <testcase classname="pkgCucumber.TestNGTestRunner" name="runScenario" time="31.571">
    <error message="Expected condition failed: waiting for visibility of element located by By.cssSelector: div#m-1689865380373&gt;div&gt;div:nth-child(2)&gt;button:nth-child(2) (tried for 3 second(s) with 500 milliseconds interval)
Build info: version: &#039;4.1.4&#039;, revision: &#039;535d840ee2&#039;
System info: host: &#039;DESKTOP-0IJD7UK&#039;, ip: &#039;10.0.0.24&#039;, os.name: &#039;Windows 10&#039;, os.arch: &#039;amd64&#039;, os.version: &#039;10.0&#039;, java.version: &#039;21.0.1&#039;
Driver info: org.openqa.selenium.chrome.ChromeDriver
Capabilities {acceptInsecureCerts: false, browserName: chrome, browserVersion: 114.0.5735.199, chrome: {chromedriverVersion: 114.0.5735.90 (386bc09e8f4f..., userDataDir: C:\Users\Abhi\AppData\Local...}, goog:chromeOptions: {debuggerAddress: localhost:58079}, javascriptEnabled: true, networkConnectionEnabled: false, pageLoadStrategy: normal, platform: WINDOWS, platformName: WINDOWS, proxy: Proxy(), se:cdp: ws://localhost:58079/devtoo..., se:cdpVersion: 114.0.5735.199, setWindowRect: true, strictFileInteractability: false, timeouts: {implicit: 0, pageLoad: 300000, script: 30000}, unhandledPromptBehavior: dismiss and notify, webauthn:extension:credBlob: true, webauthn:extension:largeBlob: true, webauthn:extension:minPinLength: true, webauthn:extension:prf: true, webauthn:virtualAuthenticators: true}
Session ID: e5bb42351e38c370c345ca3045f9243e" type="org.openqa.selenium.TimeoutException">
      <![CDATA[org.openqa.selenium.TimeoutException: Expected condition failed: waiting for visibility of element located by By.cssSelector: div#m-1689865380373>div>div:nth-child(2)>button:nth-child(2) (tried for 3 second(s) with 500 milliseconds interval)
Build info: version: '4.1.4', revision: '535d840ee2'
System info: host: 'DESKTOP-0IJD7UK', ip: '10.0.0.24', os.name: 'Windows 10', os.arch: 'amd64', os.version: '10.0', java.version: '21.0.1'
Driver info: org.openqa.selenium.chrome.ChromeDriver
Capabilities {acceptInsecureCerts: false, browserName: chrome, browserVersion: 114.0.5735.199, chrome: {chromedriverVersion: 114.0.5735.90 (386bc09e8f4f..., userDataDir: C:\Users\Abhi\AppData\Local...}, goog:chromeOptions: {debuggerAddress: localhost:58079}, javascriptEnabled: true, networkConnectionEnabled: false, pageLoadStrategy: normal, platform: WINDOWS, platformName: WINDOWS, proxy: Proxy(), se:cdp: ws://localhost:58079/devtoo..., se:cdpVersion: 114.0.5735.199, setWindowRect: true, strictFileInteractability: false, timeouts: {implicit: 0, pageLoad: 300000, script: 30000}, unhandledPromptBehavior: dismiss and notify, webauthn:extension:credBlob: true, webauthn:extension:largeBlob: true, webauthn:extension:minPinLength: true, webauthn:extension:prf: true, webauthn:virtualAuthenticators: true}
Session ID: e5bb42351e38c370c345ca3045f9243e
at org.openqa.selenium.support.ui.WebDriverWait.timeoutException(WebDriverWait.java:87)
at org.openqa.selenium.support.ui.FluentWait.until(FluentWait.java:231)
at pkgTest.ReusableComps.WebElementExplicitWait(ReusableComps.java:28)
at pkgTest.Page_Objects_Home_Page.verify_top_brands(Page_Objects_Home_Page.java:300)
at pkgStepDefinitions.Step_Defs.top_brands(Step_Defs.java:67)
at ✽.top brands section should display new brands on clicking right arrow key in the section(file:///C:/Users/Abhi/Desktop/Selenium/Eclipse/Automation_FW/src/test/java/pkgCucumber/test_cases.feature:58)
]]>
    </error>
  </testcase> <!-- runScenario -->
  <testcase classname="pkgCucumber.TestNGTestRunner" name="runScenario" time="24.481"/>
  <testcase classname="pkgCucumber.TestNGTestRunner" name="runScenario" time="32.694"/>
  <testcase classname="pkgCucumber.TestNGTestRunner" name="runScenario" time="30.679"/>
  <testcase classname="pkgCucumber.TestNGTestRunner" name="runScenario" time="16.831"/>
  <testcase classname="pkgCucumber.TestNGTestRunner" name="runScenario" time="30.805"/>
  <testcase classname="pkgCucumber.TestNGTestRunner" name="runScenario" time="60.033"/>
</testsuite> <!-- pkgCucumber.TestNGTestRunner -->
